[30-Mar-2016 17:21:55 UTC] PHP Parse error:  syntax error, unexpected '}' in /home/ubuntu/workspace/midterm/program1.php on line 136
[30-Mar-2016 17:51:50 UTC] PHP Fatal error:  Call-time pass-by-reference has been removed in /home/ubuntu/workspace/midterm/program1.php on line 65
[30-Mar-2016 17:52:02 UTC] PHP Parse error:  syntax error, unexpected '++' (T_INC) in /home/ubuntu/workspace/midterm/program1.php on line 106
[30-Mar-2016 18:18:05 UTC] PHP Warning:  Missing argument 2 for printCard(), called in /home/ubuntu/workspace/midterm/program1.php on line 127 and defined in /home/ubuntu/workspace/midterm/program1.php on line 68
[30-Mar-2016 18:18:05 UTC] PHP Stack trace:
[30-Mar-2016 18:18:05 UTC] PHP   1. {main}() /home/ubuntu/workspace/midterm/program1.php:0
[30-Mar-2016 18:18:05 UTC] PHP   2. game($r = *uninitialized*, $c = *uninitialized*, $omit = *uninitialized*) /home/ubuntu/workspace/midterm/program1.php:229
[30-Mar-2016 18:18:05 UTC] PHP   3. printCard($cards = *uninitialized*, $as = *uninitialized*, $ks = *uninitialized*) /home/ubuntu/workspace/midterm/program1.php:127
[30-Mar-2016 18:18:05 UTC] PHP Warning:  Missing argument 3 for printCard(), called in /home/ubuntu/workspace/midterm/program1.php on line 127 and defined in /home/ubuntu/workspace/midterm/program1.php on line 68
[30-Mar-2016 18:18:05 UTC] PHP Stack trace:
[30-Mar-2016 18:18:05 UTC] PHP   1. {main}() /home/ubuntu/workspace/midterm/program1.php:0
[30-Mar-2016 18:18:05 UTC] PHP   2. game($r = *uninitialized*, $c = *uninitialized*, $omit = *uninitialized*) /home/ubuntu/workspace/midterm/program1.php:229
[30-Mar-2016 18:18:05 UTC] PHP   3. printCard($cards = *uninitialized*, $as = *uninitialized*, $ks = *uninitialized*) /home/ubuntu/workspace/midterm/program1.php:127
[30-Mar-2016 18:18:05 UTC] PHP Warning:  Missing argument 2 for printCard(), called in /home/ubuntu/workspace/midterm/program1.php on line 127 and defined in /home/ubuntu/workspace/midterm/program1.php on line 68
[30-Mar-2016 18:18:05 UTC] PHP Stack trace:
[30-Mar-2016 18:18:05 UTC] PHP   1. {main}() /home/ubuntu/workspace/midterm/program1.php:0
[30-Mar-2016 18:18:05 UTC] PHP   2. game($r = *uninitialized*, $c = *uninitialized*, $omit = *uninitialized*) /home/ubuntu/workspace/midterm/program1.php:229
[30-Mar-2016 18:18:05 UTC] PHP   3. printCard($cards = *uninitialized*, $as = *uninitialized*, $ks = *uninitialized*) /home/ubuntu/workspace/midterm/program1.php:127
[30-Mar-2016 18:18:05 UTC] PHP Warning:  Missing argument 3 for printCard(), called in /home/ubuntu/workspace/midterm/program1.php on line 127 and defined in /home/ubuntu/workspace/midterm/program1.php on line 68
[30-Mar-2016 18:18:05 UTC] PHP Stack trace:
[30-Mar-2016 18:18:05 UTC] PHP   1. {main}() /home/ubuntu/workspace/midterm/program1.php:0
[30-Mar-2016 18:18:05 UTC] PHP   2. game($r = *uninitialized*, $c = *uninitialized*, $omit = *uninitialized*) /home/ubuntu/workspace/midterm/program1.php:229
[30-Mar-2016 18:18:05 UTC] PHP   3. printCard($cards = *uninitialized*, $as = *uninitialized*, $ks = *uninitialized*) /home/ubuntu/workspace/midterm/program1.php:127
[30-Mar-2016 18:18:05 UTC] PHP Warning:  Missing argument 2 for printCard(), called in /home/ubuntu/workspace/midterm/program1.php on line 127 and defined in /home/ubuntu/workspace/midterm/program1.php on line 68
[30-Mar-2016 18:18:05 UTC] PHP Stack trace:
[30-Mar-2016 18:18:05 UTC] PHP   1. {main}() /home/ubuntu/workspace/midterm/program1.php:0
[30-Mar-2016 18:18:05 UTC] PHP   2. game($r = *uninitialized*, $c = *uninitialized*, $omit = *uninitialized*) /home/ubuntu/workspace/midterm/program1.php:229
[30-Mar-2016 18:18:05 UTC] PHP   3. printCard($cards = *uninitialized*, $as = *uninitialized*, $ks = *uninitialized*) /home/ubuntu/workspace/midterm/program1.php:127
[30-Mar-2016 18:18:05 UTC] PHP Warning:  Missing argument 3 for printCard(), called in /home/ubuntu/workspace/midterm/program1.php on line 127 and defined in /home/ubuntu/workspace/midterm/program1.php on line 68
[30-Mar-2016 18:18:05 UTC] PHP Stack trace:
[30-Mar-2016 18:18:05 UTC] PHP   1. {main}() /home/ubuntu/workspace/midterm/program1.php:0
[30-Mar-2016 18:18:05 UTC] PHP   2. game($r = *uninitialized*, $c = *uninitialized*, $omit = *uninitialized*) /home/ubuntu/workspace/midterm/program1.php:229
[30-Mar-2016 18:18:05 UTC] PHP   3. printCard($cards = *uninitialized*, $as = *uninitialized*, $ks = *uninitialized*) /home/ubuntu/workspace/midterm/program1.php:127
[30-Mar-2016 18:18:05 UTC] PHP Warning:  Missing argument 2 for printCard(), called in /home/ubuntu/workspace/midterm/program1.php on line 127 and defined in /home/ubuntu/workspace/midterm/program1.php on line 68
[30-Mar-2016 18:18:05 UTC] PHP Stack trace:
[30-Mar-2016 18:18:05 UTC] PHP   1. {main}() /home/ubuntu/workspace/midterm/program1.php:0
[30-Mar-2016 18:18:05 UTC] PHP   2. game($r = *uninitialized*, $c = *uninitialized*, $omit = *uninitialized*) /home/ubuntu/workspace/midterm/program1.php:229
[30-Mar-2016 18:18:05 UTC] PHP   3. printCard($cards = *uninitialized*, $as = *uninitialized*, $ks = *uninitialized*) /home/ubuntu/workspace/midterm/program1.php:127
[30-Mar-2016 18:18:05 UTC] PHP Warning:  Missing argument 3 for printCard(), called in /home/ubuntu/workspace/midterm/program1.php on line 127 and defined in /home/ubuntu/workspace/midterm/program1.php on line 68
[30-Mar-2016 18:18:05 UTC] PHP Stack trace:
[30-Mar-2016 18:18:05 UTC] PHP   1. {main}() /home/ubuntu/workspace/midterm/program1.php:0
[30-Mar-2016 18:18:05 UTC] PHP   2. game($r = *uninitialized*, $c = *uninitialized*, $omit = *uninitialized*) /home/ubuntu/workspace/midterm/program1.php:229
[30-Mar-2016 18:18:05 UTC] PHP   3. printCard($cards = *uninitialized*, $as = *uninitialized*, $ks = *uninitialized*) /home/ubuntu/workspace/midterm/program1.php:127
