[23-Feb-2016 18:01:12 UTC] PHP Fatal error:  Function name must be a string in /home/ubuntu/workspace/assignments/2/index.php on line 30
[23-Feb-2016 18:01:12 UTC] PHP Stack trace:
[23-Feb-2016 18:01:12 UTC] PHP   1. {main}() /home/ubuntu/workspace/assignments/2/index.php:0
[23-Feb-2016 18:05:42 UTC] PHP Fatal error:  Function name must be a string in /home/ubuntu/workspace/assignments/2/index.php on line 30
[23-Feb-2016 18:05:42 UTC] PHP Stack trace:
[23-Feb-2016 18:05:42 UTC] PHP   1. {main}() /home/ubuntu/workspace/assignments/2/index.php:0
[25-Feb-2016 02:03:56 UTC] PHP Parse error:  syntax error, unexpected '.' in /home/ubuntu/workspace/assignments/2/index.php on line 9
[25-Feb-2016 02:03:57 UTC] PHP Parse error:  syntax error, unexpected '.' in /home/ubuntu/workspace/assignments/2/index.php on line 9
[25-Feb-2016 02:04:25 UTC] PHP Parse error:  syntax error, unexpected '$dir' (T_VARIABLE) in /home/ubuntu/workspace/assignments/2/index.php on line 21
[25-Feb-2016 02:04:26 UTC] PHP Parse error:  syntax error, unexpected '$dir' (T_VARIABLE) in /home/ubuntu/workspace/assignments/2/index.php on line 21
[25-Feb-2016 02:12:34 UTC] PHP Parse error:  syntax error, unexpected '$evenPic' (T_VARIABLE), expecting ',' or ';' in /home/ubuntu/workspace/assignments/2/index.php on line 58
[25-Feb-2016 02:12:34 UTC] PHP Parse error:  syntax error, unexpected '$evenPic' (T_VARIABLE), expecting ',' or ';' in /home/ubuntu/workspace/assignments/2/index.php on line 58
[29-Mar-2016 22:11:18 UTC] PHP Fatal error:  Uncaught exception 'PDOException' with message 'SQLSTATE[42S02]: Base table or view not found: 1146 Table 'ASGMT4.productType' doesn't exist' in /home/ubuntu/workspace/assignments/4/index.php:13
Stack trace:
#0 /home/ubuntu/workspace/assignments/4/index.php(13): PDOStatement->execute()
#1 /home/ubuntu/workspace/assignments/4/index.php(31): getProductTypes()
#2 {main}
  thrown in /home/ubuntu/workspace/assignments/4/index.php on line 13
[29-Mar-2016 22:28:08 UTC] PHP Fatal error:  Call to a member function prepare() on a non-object in /home/ubuntu/workspace/assignments/4/index.php on line 30
[29-Mar-2016 22:28:08 UTC] PHP Stack trace:
[29-Mar-2016 22:28:08 UTC] PHP   1. {main}() /home/ubuntu/workspace/assignments/4/index.php:0
[29-Mar-2016 22:28:08 UTC] PHP   2. getCOSFacultyWithoutOrders() /home/ubuntu/workspace/assignments/4/index.php:63
[29-Mar-2016 22:29:08 UTC] PHP Fatal error:  Call to a member function prepare() on a non-object in /home/ubuntu/workspace/assignments/4/index.php on line 30
[29-Mar-2016 22:29:08 UTC] PHP Stack trace:
[29-Mar-2016 22:29:08 UTC] PHP   1. {main}() /home/ubuntu/workspace/assignments/4/index.php:0
[29-Mar-2016 22:29:08 UTC] PHP   2. getCOSFacultyWithoutOrders() /home/ubuntu/workspace/assignments/4/index.php:63
[29-Mar-2016 22:30:53 UTC] PHP Fatal error:  Call to a member function prepare() on a non-object in /home/ubuntu/workspace/assignments/4/index.php on line 30
[29-Mar-2016 22:30:53 UTC] PHP Stack trace:
[29-Mar-2016 22:30:53 UTC] PHP   1. {main}() /home/ubuntu/workspace/assignments/4/index.php:0
[29-Mar-2016 22:30:53 UTC] PHP   2. getCOSFacultyWithoutOrders() /home/ubuntu/workspace/assignments/4/index.php:63
[29-Mar-2016 22:33:28 UTC] PHP Fatal error:  Call to a member function prepare() on a non-object in /home/ubuntu/workspace/assignments/4/index.php on line 33
[29-Mar-2016 22:33:28 UTC] PHP Stack trace:
[29-Mar-2016 22:33:28 UTC] PHP   1. {main}() /home/ubuntu/workspace/assignments/4/index.php:0
[29-Mar-2016 22:33:28 UTC] PHP   2. getCOSFacultyWithoutOrders() /home/ubuntu/workspace/assignments/4/index.php:66
[29-Mar-2016 22:35:12 UTC] PHP Parse error:  syntax error, unexpected end of file in /home/ubuntu/workspace/assignments/4/index.php on line 74
[29-Mar-2016 22:35:21 UTC] PHP Fatal error:  Call to a member function prepare() on a non-object in /home/ubuntu/workspace/assignments/4/index.php on line 33
[29-Mar-2016 22:35:21 UTC] PHP Stack trace:
[29-Mar-2016 22:35:21 UTC] PHP   1. {main}() /home/ubuntu/workspace/assignments/4/index.php:0
[29-Mar-2016 22:35:21 UTC] PHP   2. getCOSFacultyWithoutOrders() /home/ubuntu/workspace/assignments/4/index.php:66
[29-Mar-2016 22:35:42 UTC] PHP Fatal error:  Call to a member function fetch() on a non-object in /home/ubuntu/workspace/assignments/4/index.php on line 68
[29-Mar-2016 22:35:42 UTC] PHP Stack trace:
[29-Mar-2016 22:35:42 UTC] PHP   1. {main}() /home/ubuntu/workspace/assignments/4/index.php:0
[29-Mar-2016 22:39:08 UTC] PHP Fatal error:  Call to a member function fetch() on a non-object in /home/ubuntu/workspace/assignments/4/index.php on line 53
[29-Mar-2016 22:39:08 UTC] PHP Stack trace:
[29-Mar-2016 22:39:08 UTC] PHP   1. {main}() /home/ubuntu/workspace/assignments/4/index.php:0
[29-Mar-2016 22:46:40 UTC] PHP Fatal error:  Uncaught exception 'PDOException' with message 'SQLSTATE[42000]: Syntax error or access violation: 1064 You have an error in your SQL syntax; check the manual that corresponds to your MySQL server version for the right syntax to use near 'Order o
        ON c.clientId = o.clientId
        WHERE o.orderId IS NULL AND o' at line 3' in /home/ubuntu/workspace/assignments/4/index.php:19
Stack trace:
#0 /home/ubuntu/workspace/assignments/4/index.php(19): PDOStatement->execute()
#1 /home/ubuntu/workspace/assignments/4/index.php(48): getCOSFacultyWithoutOrders()
#2 {main}
  thrown in /home/ubuntu/workspace/assignments/4/index.php on line 19
[29-Mar-2016 22:46:56 UTC] PHP Fatal error:  Uncaught exception 'PDOException' with message 'SQLSTATE[42000]: Syntax error or access violation: 1064 You have an error in your SQL syntax; check the manual that corresponds to your MySQL server version for the right syntax to use near 'Order o
        ON c.clientId = o.clientId
        WHERE orderId IS NULL AND cli' at line 3' in /home/ubuntu/workspace/assignments/4/index.php:19
Stack trace:
#0 /home/ubuntu/workspace/assignments/4/index.php(19): PDOStatement->execute()
#1 /home/ubuntu/workspace/assignments/4/index.php(48): getCOSFacultyWithoutOrders()
#2 {main}
  thrown in /home/ubuntu/workspace/assignments/4/index.php on line 19
[29-Mar-2016 22:46:59 UTC] PHP Fatal error:  Uncaught exception 'PDOException' with message 'SQLSTATE[42000]: Syntax error or access violation: 1064 You have an error in your SQL syntax; check the manual that corresponds to your MySQL server version for the right syntax to use near 'Order o
        ON c.clientId = o.clientId
        WHERE orderId IS NULL AND cli' at line 3' in /home/ubuntu/workspace/assignments/4/index.php:19
Stack trace:
#0 /home/ubuntu/workspace/assignments/4/index.php(19): PDOStatement->execute()
#1 /home/ubuntu/workspace/assignments/4/index.php(48): getCOSFacultyWithoutOrders()
#2 {main}
  thrown in /home/ubuntu/workspace/assignments/4/index.php on line 19
[29-Mar-2016 23:00:08 UTC] PHP Fatal error:  Call to a member function fetch() on a non-object in /home/ubuntu/workspace/assignments/4/index.php on line 42
[29-Mar-2016 23:00:08 UTC] PHP Stack trace:
[29-Mar-2016 23:00:08 UTC] PHP   1. {main}() /home/ubuntu/workspace/assignments/4/index.php:0
[29-Mar-2016 23:00:33 UTC] PHP Fatal error:  Call to a member function fetch() on a non-object in /home/ubuntu/workspace/assignments/4/index.php on line 42
[29-Mar-2016 23:00:33 UTC] PHP Stack trace:
[29-Mar-2016 23:00:33 UTC] PHP   1. {main}() /home/ubuntu/workspace/assignments/4/index.php:0
[29-Mar-2016 23:36:02 UTC] PHP Fatal error:  Call to a member function execute() on a non-object in /home/ubuntu/workspace/assignments/4/index.php on line 41
[29-Mar-2016 23:36:02 UTC] PHP Stack trace:
[29-Mar-2016 23:36:02 UTC] PHP   1. {main}() /home/ubuntu/workspace/assignments/4/index.php:0
[29-Mar-2016 23:42:22 UTC] PHP Fatal error:  Call to a member function execute() on a non-object in /home/ubuntu/workspace/assignments/4/index.php on line 41
[29-Mar-2016 23:42:22 UTC] PHP Stack trace:
[29-Mar-2016 23:42:22 UTC] PHP   1. {main}() /home/ubuntu/workspace/assignments/4/index.php:0
[29-Mar-2016 23:43:14 UTC] PHP Fatal error:  Call to a member function execute() on a non-object in /home/ubuntu/workspace/assignments/4/index.php on line 41
[29-Mar-2016 23:43:14 UTC] PHP Stack trace:
[29-Mar-2016 23:43:14 UTC] PHP   1. {main}() /home/ubuntu/workspace/assignments/4/index.php:0
[29-Mar-2016 23:43:32 UTC] PHP Fatal error:  Call to a member function execute() on a non-object in /home/ubuntu/workspace/assignments/4/index.php on line 41
[29-Mar-2016 23:43:32 UTC] PHP Stack trace:
[29-Mar-2016 23:43:32 UTC] PHP   1. {main}() /home/ubuntu/workspace/assignments/4/index.php:0
[30-Mar-2016 06:28:41 UTC] PHP Fatal error:  Uncaught exception 'PDOException' with message 'SQLSTATE[42000]: Syntax error or access violation: 1064 You have an error in your SQL syntax; check the manual that corresponds to your MySQL server version for the right syntax to use near 'Order o' at line 2' in /home/ubuntu/workspace/assignments/4/index.php:144
Stack trace:
#0 /home/ubuntu/workspace/assignments/4/index.php(144): PDOStatement->execute()
#1 /home/ubuntu/workspace/assignments/4/index.php(195): getAllOrders()
#2 {main}
  thrown in /home/ubuntu/workspace/assignments/4/index.php on line 144
[30-Mar-2016 06:36:51 UTC] PHP Fatal error:  Uncaught exception 'PDOException' with message 'SQLSTATE[42000]: Syntax error or access violation: 1064 You have an error in your SQL syntax; check the manual that corresponds to your MySQL server version for the right syntax to use near 'Order o' at line 2' in /home/ubuntu/workspace/assignments/4/index.php:144
Stack trace:
#0 /home/ubuntu/workspace/assignments/4/index.php(144): PDOStatement->execute()
#1 /home/ubuntu/workspace/assignments/4/index.php(195): getAllOrders()
#2 {main}
  thrown in /home/ubuntu/workspace/assignments/4/index.php on line 144
[30-Mar-2016 07:18:43 UTC] PHP Fatal error:  Uncaught exception 'PDOException' with message 'SQLSTATE[42S02]: Base table or view not found: 1146 Table 'ASGMT4.productTypes' doesn't exist' in /home/ubuntu/workspace/assignments/4/index.php:353
Stack trace:
#0 /home/ubuntu/workspace/assignments/4/index.php(353): PDOStatement->execute()
#1 /home/ubuntu/workspace/assignments/4/index.php(394): getProducts()
#2 {main}
  thrown in /home/ubuntu/workspace/assignments/4/index.php on line 353
[30-Mar-2016 07:21:09 UTC] PHP Fatal error:  Uncaught exception 'PDOException' with message 'SQLSTATE[42S02]: Base table or view not found: 1146 Table 'ASGMT4.productType' doesn't exist' in /home/ubuntu/workspace/assignments/4/index.php:353
Stack trace:
#0 /home/ubuntu/workspace/assignments/4/index.php(353): PDOStatement->execute()
#1 /home/ubuntu/workspace/assignments/4/index.php(394): getProducts()
#2 {main}
  thrown in /home/ubuntu/workspace/assignments/4/index.php on line 353
[30-Mar-2016 07:22:46 UTC] PHP Fatal error:  Uncaught exception 'PDOException' with message 'SQLSTATE[42S22]: Column not found: 1054 Unknown column 'Product.productId' in 'field list'' in /home/ubuntu/workspace/assignments/4/index.php:353
Stack trace:
#0 /home/ubuntu/workspace/assignments/4/index.php(353): PDOStatement->execute()
#1 /home/ubuntu/workspace/assignments/4/index.php(394): getProducts()
#2 {main}
  thrown in /home/ubuntu/workspace/assignments/4/index.php on line 353
[30-Mar-2016 07:24:21 UTC] PHP Fatal error:  Uncaught exception 'PDOException' with message 'SQLSTATE[42S22]: Column not found: 1054 Unknown column 'Product.productId' in 'field list'' in /home/ubuntu/workspace/assignments/4/index.php:353
Stack trace:
#0 /home/ubuntu/workspace/assignments/4/index.php(353): PDOStatement->execute()
#1 /home/ubuntu/workspace/assignments/4/index.php(394): getProducts()
#2 {main}
  thrown in /home/ubuntu/workspace/assignments/4/index.php on line 353
[30-Mar-2016 07:25:04 UTC] PHP Fatal error:  Uncaught exception 'PDOException' with message 'SQLSTATE[42S22]: Column not found: 1054 Unknown column 'Product.productId' in 'field list'' in /home/ubuntu/workspace/assignments/4/index.php:353
Stack trace:
#0 /home/ubuntu/workspace/assignments/4/index.php(353): PDOStatement->execute()
#1 /home/ubuntu/workspace/assignments/4/index.php(394): getProducts()
#2 {main}
  thrown in /home/ubuntu/workspace/assignments/4/index.php on line 353
[30-Mar-2016 07:27:28 UTC] PHP Fatal error:  Uncaught exception 'PDOException' with message 'SQLSTATE[23000]: Integrity constraint violation: 1052 Column 'productTypeId' in field list is ambiguous' in /home/ubuntu/workspace/assignments/4/index.php:353
Stack trace:
#0 /home/ubuntu/workspace/assignments/4/index.php(353): PDOStatement->execute()
#1 /home/ubuntu/workspace/assignments/4/index.php(394): getProducts()
#2 {main}
  thrown in /home/ubuntu/workspace/assignments/4/index.php on line 353
[30-Mar-2016 07:27:48 UTC] PHP Fatal error:  Uncaught exception 'PDOException' with message 'SQLSTATE[42S22]: Column not found: 1054 Unknown column 'Product.productTypeId' in 'field list'' in /home/ubuntu/workspace/assignments/4/index.php:353
Stack trace:
#0 /home/ubuntu/workspace/assignments/4/index.php(353): PDOStatement->execute()
#1 /home/ubuntu/workspace/assignments/4/index.php(394): getProducts()
#2 {main}
  thrown in /home/ubuntu/workspace/assignments/4/index.php on line 353
