[15-Feb-2016 19:29:11 UTC] PHP Parse error:  syntax error, unexpected 'print' (T_PRINT), expecting '(' in /home/ubuntu/workspace/labs/2/2.2/index.php on line 52
[15-Feb-2016 19:46:06 UTC] PHP Parse error:  syntax error, unexpected 'printRow' (T_STRING) in /home/ubuntu/workspace/labs/2/2.2/index.php on line 59
[15-Feb-2016 19:46:25 UTC] PHP Parse error:  syntax error, unexpected '$char' (T_VARIABLE), expecting '(' in /home/ubuntu/workspace/labs/2/2.2/index.php on line 66
[16-Feb-2016 02:08:34 UTC] PHP Parse error:  syntax error, unexpected '$char' (T_VARIABLE), expecting '(' in /home/ubuntu/workspace/labs/2/2.2/index.php on line 66
[16-Feb-2016 02:09:05 UTC] PHP Parse error:  syntax error, unexpected '$char' (T_VARIABLE), expecting '(' in /home/ubuntu/workspace/labs/2/2.2/index.php on line 66
[16-Feb-2016 02:30:51 UTC] PHP Parse error:  syntax error, unexpected '.' in /home/ubuntu/workspace/labs/2/2.2/index.php on line 13
[16-Feb-2016 02:36:43 UTC] PHP Parse error:  syntax error, unexpected '{' in /home/ubuntu/workspace/labs/2/2.2/index.php on line 13
[16-Feb-2016 02:37:00 UTC] PHP Parse error:  syntax error, unexpected '{' in /home/ubuntu/workspace/labs/2/2.2/index.php on line 13
[16-Feb-2016 02:37:02 UTC] PHP Parse error:  syntax error, unexpected '{' in /home/ubuntu/workspace/labs/2/2.2/index.php on line 13
[16-Feb-2016 02:37:03 UTC] PHP Parse error:  syntax error, unexpected '{' in /home/ubuntu/workspace/labs/2/2.2/index.php on line 13
[16-Feb-2016 02:37:29 UTC] PHP Parse error:  syntax error, unexpected '$color' (T_VARIABLE) in /home/ubuntu/workspace/labs/2/2.2/index.php on line 14
[16-Feb-2016 02:37:34 UTC] PHP Parse error:  syntax error, unexpected '$color' (T_VARIABLE) in /home/ubuntu/workspace/labs/2/2.2/index.php on line 14
[16-Feb-2016 02:37:35 UTC] PHP Parse error:  syntax error, unexpected '$color' (T_VARIABLE) in /home/ubuntu/workspace/labs/2/2.2/index.php on line 14
[16-Feb-2016 02:37:35 UTC] PHP Parse error:  syntax error, unexpected '$color' (T_VARIABLE) in /home/ubuntu/workspace/labs/2/2.2/index.php on line 14
[16-Feb-2016 02:37:36 UTC] PHP Parse error:  syntax error, unexpected '$color' (T_VARIABLE) in /home/ubuntu/workspace/labs/2/2.2/index.php on line 14
[16-Feb-2016 02:37:45 UTC] PHP Parse error:  syntax error, unexpected '=' in /home/ubuntu/workspace/labs/2/2.2/index.php on line 14
[16-Feb-2016 02:39:27 UTC] PHP Parse error:  syntax error, unexpected '=' in /home/ubuntu/workspace/labs/2/2.2/index.php on line 14
[16-Feb-2016 02:39:44 UTC] PHP Parse error:  syntax error, unexpected '.' in /home/ubuntu/workspace/labs/2/2.2/index.php on line 14
[16-Feb-2016 02:39:59 UTC] PHP Parse error:  syntax error, unexpected '=' in /home/ubuntu/workspace/labs/2/2.2/index.php on line 14
[16-Feb-2016 02:40:59 UTC] PHP Parse error:  syntax error, unexpected '{' in /home/ubuntu/workspace/labs/2/2.2/index.php on line 14
[16-Feb-2016 02:41:08 UTC] PHP Parse error:  syntax error, unexpected '=' in /home/ubuntu/workspace/labs/2/2.2/index.php on line 14
[16-Feb-2016 02:41:10 UTC] PHP Parse error:  syntax error, unexpected '=' in /home/ubuntu/workspace/labs/2/2.2/index.php on line 14
[16-Feb-2016 02:41:10 UTC] PHP Parse error:  syntax error, unexpected '=' in /home/ubuntu/workspace/labs/2/2.2/index.php on line 14
[16-Feb-2016 02:43:50 UTC] PHP Parse error:  syntax error, unexpected '=' in /home/ubuntu/workspace/labs/2/2.2/index.php on line 14
[16-Feb-2016 02:43:53 UTC] PHP Parse error:  syntax error, unexpected '=' in /home/ubuntu/workspace/labs/2/2.2/index.php on line 14
[16-Feb-2016 02:49:52 UTC] PHP Parse error:  syntax error, unexpected ',' in /home/ubuntu/workspace/labs/2/2.2/index.php on line 146
[16-Feb-2016 03:08:54 UTC] PHP Parse error:  syntax error, unexpected 'color' (T_STRING), expecting ',' or ';' in /home/ubuntu/workspace/labs/2/2.2/index.php on line 66
[16-Feb-2016 03:12:40 UTC] PHP Parse error:  syntax error, unexpected '.' in /home/ubuntu/workspace/labs/2/2.2/index.php on line 12
[16-Feb-2016 22:08:46 UTC] PHP Fatal error:  Only variables can be passed by reference in /home/ubuntu/workspace/labs/2/2.2/index.php on line 75
[16-Feb-2016 22:10:32 UTC] PHP Parse error:  syntax error, unexpected 'echo' (T_ECHO) in /home/ubuntu/workspace/labs/2/2.2/index.php on line 67
[16-Feb-2016 22:28:45 UTC] PHP Parse error:  syntax error, unexpected ')', expecting '&' or variable (T_VARIABLE) in /home/ubuntu/workspace/labs/2/2.2/index.php on line 14
[16-Feb-2016 22:28:55 UTC] PHP Parse error:  syntax error, unexpected ''A'' (T_CONSTANT_ENCAPSED_STRING), expecting '&' or variable (T_VARIABLE) in /home/ubuntu/workspace/labs/2/2.2/index.php on line 14
[16-Feb-2016 22:29:16 UTC] PHP Parse error:  syntax error, unexpected ';', expecting '{' in /home/ubuntu/workspace/labs/2/2.2/index.php on line 15
[16-Feb-2016 22:30:22 UTC] PHP Warning:  Missing argument 9 for printRow(), called in /home/ubuntu/workspace/labs/2/2.2/index.php on line 78 and defined in /home/ubuntu/workspace/labs/2/2.2/index.php on line 67
[16-Feb-2016 22:30:22 UTC] PHP Stack trace:
[16-Feb-2016 22:30:22 UTC] PHP   1. {main}() /home/ubuntu/workspace/labs/2/2.2/index.php:0
[16-Feb-2016 22:30:22 UTC] PHP   2. printCharacter($char = *uninitialized*) /home/ubuntu/workspace/labs/2/2.2/index.php:15
[16-Feb-2016 22:30:22 UTC] PHP   3. printRow($c1 = *uninitialized*, $c2 = *uninitialized*, $c3 = *uninitialized*, $c4 = *uninitialized*, $c5 = *uninitialized*, $c6 = *uninitialized*, $c7 = *uninitialized*, $c8 = *uninitialized*, $color = *uninitialized*) /home/ubuntu/workspace/labs/2/2.2/index.php:78
[16-Feb-2016 22:30:22 UTC] PHP Warning:  Missing argument 9 for printRow(), called in /home/ubuntu/workspace/labs/2/2.2/index.php on line 79 and defined in /home/ubuntu/workspace/labs/2/2.2/index.php on line 67
[16-Feb-2016 22:30:22 UTC] PHP Stack trace:
[16-Feb-2016 22:30:22 UTC] PHP   1. {main}() /home/ubuntu/workspace/labs/2/2.2/index.php:0
[16-Feb-2016 22:30:22 UTC] PHP   2. printCharacter($char = *uninitialized*) /home/ubuntu/workspace/labs/2/2.2/index.php:15
[16-Feb-2016 22:30:22 UTC] PHP   3. printRow($c1 = *uninitialized*, $c2 = *uninitialized*, $c3 = *uninitialized*, $c4 = *uninitialized*, $c5 = *uninitialized*, $c6 = *uninitialized*, $c7 = *uninitialized*, $c8 = *uninitialized*, $color = *uninitialized*) /home/ubuntu/workspace/labs/2/2.2/index.php:79
[16-Feb-2016 22:30:22 UTC] PHP Warning:  Missing argument 9 for printRow(), called in /home/ubuntu/workspace/labs/2/2.2/index.php on line 80 and defined in /home/ubuntu/workspace/labs/2/2.2/index.php on line 67
[16-Feb-2016 22:30:22 UTC] PHP Stack trace:
[16-Feb-2016 22:30:22 UTC] PHP   1. {main}() /home/ubuntu/workspace/labs/2/2.2/index.php:0
[16-Feb-2016 22:30:22 UTC] PHP   2. printCharacter($char = *uninitialized*) /home/ubuntu/workspace/labs/2/2.2/index.php:15
[16-Feb-2016 22:30:22 UTC] PHP   3. printRow($c1 = *uninitialized*, $c2 = *uninitialized*, $c3 = *uninitialized*, $c4 = *uninitialized*, $c5 = *uninitialized*, $c6 = *uninitialized*, $c7 = *uninitialized*, $c8 = *uninitialized*, $color = *uninitialized*) /home/ubuntu/workspace/labs/2/2.2/index.php:80
[16-Feb-2016 22:30:22 UTC] PHP Warning:  Missing argument 9 for printRow(), called in /home/ubuntu/workspace/labs/2/2.2/index.php on line 81 and defined in /home/ubuntu/workspace/labs/2/2.2/index.php on line 67
[16-Feb-2016 22:30:22 UTC] PHP Stack trace:
[16-Feb-2016 22:30:22 UTC] PHP   1. {main}() /home/ubuntu/workspace/labs/2/2.2/index.php:0
[16-Feb-2016 22:30:22 UTC] PHP   2. printCharacter($char = *uninitialized*) /home/ubuntu/workspace/labs/2/2.2/index.php:15
[16-Feb-2016 22:30:22 UTC] PHP   3. printRow($c1 = *uninitialized*, $c2 = *uninitialized*, $c3 = *uninitialized*, $c4 = *uninitialized*, $c5 = *uninitialized*, $c6 = *uninitialized*, $c7 = *uninitialized*, $c8 = *uninitialized*, $color = *uninitialized*) /home/ubuntu/workspace/labs/2/2.2/index.php:81
[16-Feb-2016 22:30:22 UTC] PHP Warning:  Missing argument 9 for printRow(), called in /home/ubuntu/workspace/labs/2/2.2/index.php on line 82 and defined in /home/ubuntu/workspace/labs/2/2.2/index.php on line 67
[16-Feb-2016 22:30:22 UTC] PHP Stack trace:
[16-Feb-2016 22:30:22 UTC] PHP   1. {main}() /home/ubuntu/workspace/labs/2/2.2/index.php:0
[16-Feb-2016 22:30:22 UTC] PHP   2. printCharacter($char = *uninitialized*) /home/ubuntu/workspace/labs/2/2.2/index.php:15
[16-Feb-2016 22:30:22 UTC] PHP   3. printRow($c1 = *uninitialized*, $c2 = *uninitialized*, $c3 = *uninitialized*, $c4 = *uninitialized*, $c5 = *uninitialized*, $c6 = *uninitialized*, $c7 = *uninitialized*, $c8 = *uninitialized*, $color = *uninitialized*) /home/ubuntu/workspace/labs/2/2.2/index.php:82
[16-Feb-2016 22:30:22 UTC] PHP Warning:  Missing argument 9 for printRow(), called in /home/ubuntu/workspace/labs/2/2.2/index.php on line 83 and defined in /home/ubuntu/workspace/labs/2/2.2/index.php on line 67
[16-Feb-2016 22:30:22 UTC] PHP Stack trace:
[16-Feb-2016 22:30:22 UTC] PHP   1. {main}() /home/ubuntu/workspace/labs/2/2.2/index.php:0
[16-Feb-2016 22:30:22 UTC] PHP   2. printCharacter($char = *uninitialized*) /home/ubuntu/workspace/labs/2/2.2/index.php:15
[16-Feb-2016 22:30:22 UTC] PHP   3. printRow($c1 = *uninitialized*, $c2 = *uninitialized*, $c3 = *uninitialized*, $c4 = *uninitialized*, $c5 = *uninitialized*, $c6 = *uninitialized*, $c7 = *uninitialized*, $c8 = *uninitialized*, $color = *uninitialized*) /home/ubuntu/workspace/labs/2/2.2/index.php:83
[16-Feb-2016 22:30:22 UTC] PHP Warning:  Missing argument 9 for printRow(), called in /home/ubuntu/workspace/labs/2/2.2/index.php on line 84 and defined in /home/ubuntu/workspace/labs/2/2.2/index.php on line 67
[16-Feb-2016 22:30:22 UTC] PHP Stack trace:
[16-Feb-2016 22:30:22 UTC] PHP   1. {main}() /home/ubuntu/workspace/labs/2/2.2/index.php:0
[16-Feb-2016 22:30:22 UTC] PHP   2. printCharacter($char = *uninitialized*) /home/ubuntu/workspace/labs/2/2.2/index.php:15
[16-Feb-2016 22:30:22 UTC] PHP   3. printRow($c1 = *uninitialized*, $c2 = *uninitialized*, $c3 = *uninitialized*, $c4 = *uninitialized*, $c5 = *uninitialized*, $c6 = *uninitialized*, $c7 = *uninitialized*, $c8 = *uninitialized*, $color = *uninitialized*) /home/ubuntu/workspace/labs/2/2.2/index.php:84
[16-Feb-2016 22:30:22 UTC] PHP Warning:  Missing argument 9 for printRow(), called in /home/ubuntu/workspace/labs/2/2.2/index.php on line 85 and defined in /home/ubuntu/workspace/labs/2/2.2/index.php on line 67
[16-Feb-2016 22:30:22 UTC] PHP Stack trace:
[16-Feb-2016 22:30:22 UTC] PHP   1. {main}() /home/ubuntu/workspace/labs/2/2.2/index.php:0
[16-Feb-2016 22:30:22 UTC] PHP   2. printCharacter($char = *uninitialized*) /home/ubuntu/workspace/labs/2/2.2/index.php:15
[16-Feb-2016 22:30:22 UTC] PHP   3. printRow($c1 = *uninitialized*, $c2 = *uninitialized*, $c3 = *uninitialized*, $c4 = *uninitialized*, $c5 = *uninitialized*, $c6 = *uninitialized*, $c7 = *uninitialized*, $c8 = *uninitialized*, $color = *uninitialized*) /home/ubuntu/workspace/labs/2/2.2/index.php:85
[16-Feb-2016 22:30:22 UTC] PHP Warning:  Missing argument 9 for printRow(), called in /home/ubuntu/workspace/labs/2/2.2/index.php on line 86 and defined in /home/ubuntu/workspace/labs/2/2.2/index.php on line 67
[16-Feb-2016 22:30:22 UTC] PHP Stack trace:
[16-Feb-2016 22:30:22 UTC] PHP   1. {main}() /home/ubuntu/workspace/labs/2/2.2/index.php:0
[16-Feb-2016 22:30:22 UTC] PHP   2. printCharacter($char = *uninitialized*) /home/ubuntu/workspace/labs/2/2.2/index.php:15
[16-Feb-2016 22:30:22 UTC] PHP   3. printRow($c1 = *uninitialized*, $c2 = *uninitialized*, $c3 = *uninitialized*, $c4 = *uninitialized*, $c5 = *uninitialized*, $c6 = *uninitialized*, $c7 = *uninitialized*, $c8 = *uninitialized*, $color = *uninitialized*) /home/ubuntu/workspace/labs/2/2.2/index.php:86
[16-Feb-2016 22:38:08 UTC] PHP Parse error:  syntax error, unexpected '++' (T_INC), expecting ')' in /home/ubuntu/workspace/labs/2/2.2/index.php on line 78
[16-Feb-2016 22:38:51 UTC] PHP Parse error:  syntax error, unexpected '<', expecting variable (T_VARIABLE) or '$' in /home/ubuntu/workspace/labs/2/2.2/index.php on line 78
[16-Feb-2016 22:38:52 UTC] PHP Parse error:  syntax error, unexpected '<', expecting variable (T_VARIABLE) or '$' in /home/ubuntu/workspace/labs/2/2.2/index.php on line 78
[17-Feb-2016 18:17:14 UTC] PHP Parse error:  syntax error, unexpected 'function' (T_FUNCTION) in /home/ubuntu/workspace/labs/2/2.2/index.php on line 27
[17-Feb-2016 18:18:00 UTC] PHP Fatal error:  Call to undefined function printCharacte() in /home/ubuntu/workspace/labs/2/2.2/index.php on line 25
[17-Feb-2016 18:18:01 UTC] PHP Stack trace:
[17-Feb-2016 18:18:01 UTC] PHP   1. {main}() /home/ubuntu/workspace/labs/2/2.2/index.php:0
[17-Feb-2016 18:21:22 UTC] PHP Fatal error:  Call to undefined function printCharacte() in /home/ubuntu/workspace/labs/2/2.2/index.php on line 24
[17-Feb-2016 18:21:22 UTC] PHP Stack trace:
[17-Feb-2016 18:21:22 UTC] PHP   1. {main}() /home/ubuntu/workspace/labs/2/2.2/index.php:0
[18-Feb-2016 02:08:50 UTC] PHP Warning:  include(includes/ledBoard.inc.php): failed to open stream: No such file or directory in /home/ubuntu/workspace/labs/2/2.2/lara.php on line 3
[18-Feb-2016 02:08:50 UTC] PHP Stack trace:
[18-Feb-2016 02:08:50 UTC] PHP   1. {main}() /home/ubuntu/workspace/labs/2/2.2/lara.php:0
[18-Feb-2016 02:08:50 UTC] PHP Warning:  include(): Failed opening 'includes/ledBoard.inc.php' for inclusion (include_path='.:/usr/share/php:/usr/share/pear') in /home/ubuntu/workspace/labs/2/2.2/lara.php on line 3
[18-Feb-2016 02:08:50 UTC] PHP Stack trace:
[18-Feb-2016 02:08:50 UTC] PHP   1. {main}() /home/ubuntu/workspace/labs/2/2.2/lara.php:0
[18-Feb-2016 02:08:50 UTC] PHP Fatal error:  Call to undefined function drawLetter() in /home/ubuntu/workspace/labs/2/2.2/lara.php on line 102
[18-Feb-2016 02:08:50 UTC] PHP Stack trace:
[18-Feb-2016 02:08:50 UTC] PHP   1. {main}() /home/ubuntu/workspace/labs/2/2.2/lara.php:0
[18-Feb-2016 02:08:50 UTC] PHP   2. ledBoard($text = *uninitialized*, $color = *uninitialized*) /home/ubuntu/workspace/labs/2/2.2/lara.php:158
[18-Feb-2016 02:09:45 UTC] PHP Warning:  include(includes/ledBoard.inc.php): failed to open stream: No such file or directory in /home/ubuntu/workspace/labs/2/2.2/lara.php on line 3
[18-Feb-2016 02:09:45 UTC] PHP Stack trace:
[18-Feb-2016 02:09:45 UTC] PHP   1. {main}() /home/ubuntu/workspace/labs/2/2.2/lara.php:0
[18-Feb-2016 02:09:45 UTC] PHP Warning:  include(): Failed opening 'includes/ledBoard.inc.php' for inclusion (include_path='.:/usr/share/php:/usr/share/pear') in /home/ubuntu/workspace/labs/2/2.2/lara.php on line 3
[18-Feb-2016 02:09:45 UTC] PHP Stack trace:
[18-Feb-2016 02:09:45 UTC] PHP   1. {main}() /home/ubuntu/workspace/labs/2/2.2/lara.php:0
[18-Feb-2016 02:09:45 UTC] PHP Fatal error:  Call to undefined function drawLetter() in /home/ubuntu/workspace/labs/2/2.2/lara.php on line 100
[18-Feb-2016 02:09:45 UTC] PHP Stack trace:
[18-Feb-2016 02:09:45 UTC] PHP   1. {main}() /home/ubuntu/workspace/labs/2/2.2/lara.php:0
[18-Feb-2016 02:09:45 UTC] PHP   2. ledBoard($text = *uninitialized*, $color = *uninitialized*) /home/ubuntu/workspace/labs/2/2.2/lara.php:156
[18-Feb-2016 02:11:04 UTC] PHP Fatal error:  Call to undefined function ledBoard() in /home/ubuntu/workspace/labs/2/2.2/leo.php on line 139
[18-Feb-2016 02:11:04 UTC] PHP Stack trace:
[18-Feb-2016 02:11:04 UTC] PHP   1. {main}() /home/ubuntu/workspace/labs/2/2.2/leo.php:0
[18-Feb-2016 02:11:04 UTC] PHP Fatal error:  Call to undefined function ledBoard() in /home/ubuntu/workspace/labs/2/2.2/leo.php on line 139
[18-Feb-2016 02:11:04 UTC] PHP Stack trace:
[18-Feb-2016 02:11:04 UTC] PHP   1. {main}() /home/ubuntu/workspace/labs/2/2.2/leo.php:0
[18-Feb-2016 02:11:10 UTC] PHP Fatal error:  Call to undefined function ledBoard() in /home/ubuntu/workspace/labs/2/2.2/leo.php on line 139
[18-Feb-2016 02:11:10 UTC] PHP Stack trace:
[18-Feb-2016 02:11:10 UTC] PHP   1. {main}() /home/ubuntu/workspace/labs/2/2.2/leo.php:0
[18-Feb-2016 02:11:10 UTC] PHP Fatal error:  Call to undefined function ledBoard() in /home/ubuntu/workspace/labs/2/2.2/leo.php on line 139
[18-Feb-2016 02:11:10 UTC] PHP Stack trace:
[18-Feb-2016 02:11:10 UTC] PHP   1. {main}() /home/ubuntu/workspace/labs/2/2.2/leo.php:0
[19-Feb-2016 00:27:26 UTC] PHP Parse error:  syntax error, unexpected '{' in /home/ubuntu/workspace/labs/2/2.2/index.php on line 165
[19-Feb-2016 01:56:44 UTC] PHP Parse error:  syntax error, unexpected '*' in /home/ubuntu/workspace/labs/2/2.2/index.php on line 267
[19-Feb-2016 02:00:23 UTC] PHP Parse error:  syntax error, unexpected '{' in /home/ubuntu/workspace/labs/2/2.2/index.php on line 154
[19-Feb-2016 02:18:17 UTC] PHP Parse error:  syntax error, unexpected '||' (T_BOOLEAN_OR) in /home/ubuntu/workspace/labs/2/2.2/index.php on line 183
[19-Feb-2016 02:18:33 UTC] PHP Parse error:  syntax error, unexpected '||' (T_BOOLEAN_OR) in /home/ubuntu/workspace/labs/2/2.2/index.php on line 183
[19-Feb-2016 02:18:59 UTC] PHP Parse error:  syntax error, unexpected '||' (T_BOOLEAN_OR) in /home/ubuntu/workspace/labs/2/2.2/index.php on line 183
[19-Feb-2016 02:37:21 UTC] PHP Parse error:  syntax error, unexpected '(' in /home/ubuntu/workspace/labs/2/2.2/index.php on line 225
[19-Feb-2016 02:47:58 UTC] PHP Parse error:  syntax error, unexpected '*' in /home/ubuntu/workspace/labs/2/2.2/index.php on line 285
[19-Feb-2016 02:55:44 UTC] PHP Parse error:  syntax error, unexpected '*' in /home/ubuntu/workspace/labs/2/2.2/index.php on line 301
[19-Feb-2016 02:56:34 UTC] PHP Parse error:  syntax error, unexpected '*' in /home/ubuntu/workspace/labs/2/2.2/index.php on line 309
[19-Feb-2016 03:13:44 UTC] PHP Parse error:  syntax error, unexpected '}', expecting ',' or ';' in /home/ubuntu/workspace/labs/2/2.2/index.php on line 331
[19-Feb-2016 03:15:51 UTC] PHP Parse error:  syntax error, unexpected '=>' (T_DOUBLE_ARROW) in /home/ubuntu/workspace/labs/2/2.2/index.php on line 327
[19-Feb-2016 03:16:04 UTC] PHP Parse error:  syntax error, unexpected '=>' (T_DOUBLE_ARROW) in /home/ubuntu/workspace/labs/2/2.2/index.php on line 327
